<?xml version="1.0" encoding="UTF-8"?>
<!-- Generated by org.testng.reporters.JUnitXMLReporter -->
<testsuite hostname="MacBook-Pro-de-Itexico-2.local" ignored="0" name="Default test" tests="3" failures="0" timestamp="10 oct 2019 00:46:35 GMT" time="25.739" errors="0">
  <testcase name="destinationTest" time="4.084" classname="training.selenium.test.DemoSeleniumTest"/>
  <testcase name="reservationTest" time="1.743" classname="training.selenium.test.DemoSeleniumTest"/>
  <testcase name="purchaseTest" time="14.181" classname="training.selenium.test.DemoSeleniumTest"/>
</testsuite> <!-- Default test -->
