<?xml version="1.0" encoding="UTF-8"?>
<testng-results skipped="0" failed="0" ignored="0" total="3" passed="3">
  <reporter-output>
  </reporter-output>
  <suite name="Default suite" duration-ms="25739" started-at="2019-10-10T00:46:09Z" finished-at="2019-10-10T00:46:35Z">
    <groups>
    </groups>
    <test name="Default test" duration-ms="25739" started-at="2019-10-10T00:46:09Z" finished-at="2019-10-10T00:46:35Z">
      <class name="training.selenium.test.DemoSeleniumTest">
        <test-method status="PASS" signature="setup()[pri:0, instance:training.selenium.test.DemoSeleniumTest@20322d26]" name="setup" is-config="true" duration-ms="5558" started-at="2019-10-10T00:46:09Z" finished-at="2019-10-10T00:46:15Z">
          <reporter-output>
          </reporter-output>
        </test-method> <!-- setup -->
        <test-method status="PASS" signature="destinationTest()[pri:0, instance:training.selenium.test.DemoSeleniumTest@20322d26]" name="destinationTest" duration-ms="4084" started-at="2019-10-10T00:46:15Z" finished-at="2019-10-10T00:46:19Z">
          <reporter-output>
          </reporter-output>
        </test-method> <!-- destinationTest -->
        <test-method status="PASS" signature="reservationTest()[pri:0, instance:training.selenium.test.DemoSeleniumTest@20322d26]" name="reservationTest" duration-ms="1743" started-at="2019-10-10T00:46:19Z" depends-on-methods="training.selenium.test.DemoSeleniumTest.destinationTest" finished-at="2019-10-10T00:46:21Z">
          <reporter-output>
          </reporter-output>
        </test-method> <!-- reservationTest -->
        <test-method status="PASS" signature="purchaseTest()[pri:0, instance:training.selenium.test.DemoSeleniumTest@20322d26]" name="purchaseTest" duration-ms="14181" started-at="2019-10-10T00:46:21Z" depends-on-methods="training.selenium.test.DemoSeleniumTest.reservationTest" finished-at="2019-10-10T00:46:35Z">
          <reporter-output>
          </reporter-output>
        </test-method> <!-- purchaseTest -->
        <test-method status="PASS" signature="teardown()[pri:0, instance:training.selenium.test.DemoSeleniumTest@20322d26]" name="teardown" is-config="true" duration-ms="147" started-at="2019-10-10T00:46:35Z" finished-at="2019-10-10T00:46:35Z">
          <reporter-output>
          </reporter-output>
        </test-method> <!-- teardown -->
      </class> <!-- training.selenium.test.DemoSeleniumTest -->
    </test> <!-- Default test -->
  </suite> <!-- Default suite -->
</testng-results>
